This file contains any messages produced by compilers while
running configure, to aid debugging if configure makes a mistake.

It was created by n00bshell configure 1.0, which was
generated by GNU Autoconf 2.69.  Invocation command line was

  $ ./configure 

## --------- ##
## Platform. ##
## --------- ##

hostname = skynet
uname -m = x86_64
uname -r = 3.18.3-031803-generic
uname -s = Linux
uname -v = #201501161810 SMP Fri Jan 16 18:12:22 UTC 2015

/usr/bin/uname -p = unknown
/bin/uname -X     = unknown

/bin/arch              = unknown
/usr/bin/arch -k       = unknown
/usr/convex/getsysinfo = unknown
/usr/bin/hostinfo      = unknown
/bin/machine           = unknown
/usr/bin/oslevel       = unknown
/bin/universe          = unknown

PATH: /home/d0lph1n98/.rbenv/plugins/ruby-build/bin
PATH: /home/d0lph1n98/.rbenv/shims
PATH: /home/d0lph1n98/.rbenv/bin
PATH: /home/d0lph1n98/.rbenv/plugins/ruby-build/bin
PATH: /home/d0lph1n98/.rbenv/shims
PATH: /home/d0lph1n98/.rbenv/bin
PATH: /usr/local/sbin
PATH: /usr/local/bin
PATH: /usr/sbin
PATH: /usr/bin
PATH: /sbin
PATH: /bin
PATH: /usr/games
PATH: /usr/local/games
PATH: /home/d0lph1n98/bin
PATH: /usr/local/jdk1.7.0_60/bin
PATH: /home/d0lph1n98/bin
PATH: /usr/local/jre1.7.0_60/bin
PATH: /home/d0lph1n98/android-sdk-linux/platform-tools
PATH: /home/d0lph1n98/android-sdk-linux/tools


## ----------- ##
## Core tests. ##
## ----------- ##

configure:2296: checking for a BSD-compatible install
configure:2364: result: /usr/bin/install -c
configure:2375: checking whether build environment is sane
configure:2430: result: yes
configure:2581: checking for a thread-safe mkdir -p
configure:2620: result: /bin/mkdir -p
configure:2627: checking for gawk
configure:2643: found /usr/bin/gawk
configure:2654: result: gawk
configure:2665: checking whether make sets $(MAKE)
configure:2687: result: yes
configure:2716: checking whether make supports nested variables
configure:2733: result: yes
configure:2911: checking for gcc
configure:2927: found /usr/bin/gcc
configure:2938: result: gcc
configure:3167: checking for C compiler version
configure:3176: gcc --version >&5
gcc (Ubuntu 4.8.4-2ubuntu1~14.04) 4.8.4
Copyright (C) 2013 Free Software Foundation, Inc.
This is free software; see the source for copying conditions.  There is NO
warranty; not even for MERCHANTABILITY or FITNESS FOR A PARTICULAR PURPOSE.

configure:3187: $? = 0
configure:3176: gcc -v >&5
Using built-in specs.
COLLECT_GCC=gcc
COLLECT_LTO_WRAPPER=/usr/lib/gcc/x86_64-linux-gnu/4.8/lto-wrapper
Target: x86_64-linux-gnu
Configured with: ../src/configure -v --with-pkgversion='Ubuntu 4.8.4-2ubuntu1~14.04' --with-bugurl=file:///usr/share/doc/gcc-4.8/README.Bugs --enable-languages=c,c++,java,go,d,fortran,objc,obj-c++ --prefix=/usr --program-suffix=-4.8 --enable-shared --enable-linker-build-id --libexecdir=/usr/lib --without-included-gettext --enable-threads=posix --with-gxx-include-dir=/usr/include/c++/4.8 --libdir=/usr/lib --enable-nls --with-sysroot=/ --enable-clocale=gnu --enable-libstdcxx-debug --enable-libstdcxx-time=yes --enable-gnu-unique-object --disable-libmudflap --enable-plugin --with-system-zlib --disable-browser-plugin --enable-java-awt=gtk --enable-gtk-cairo --with-java-home=/usr/lib/jvm/java-1.5.0-gcj-4.8-amd64/jre --enable-java-home --with-jvm-root-dir=/usr/lib/jvm/java-1.5.0-gcj-4.8-amd64 --with-jvm-jar-dir=/usr/lib/jvm-exports/java-1.5.0-gcj-4.8-amd64 --with-arch-directory=amd64 --with-ecj-jar=/usr/share/java/eclipse-ecj.jar --enable-objc-gc --enable-multiarch --disable-werror --with-arch-32=i686 --with-abi=m64 --with-multilib-list=m32,m64,mx32 --with-tune=generic --enable-checking=release --build=x86_64-linux-gnu --host=x86_64-linux-gnu --target=x86_64-linux-gnu
Thread model: posix
gcc version 4.8.4 (Ubuntu 4.8.4-2ubuntu1~14.04) 
configure:3187: $? = 0
configure:3176: gcc -V >&5
gcc: error: unrecognized command line option '-V'
gcc: fatal error: no input files
compilation terminated.
configure:3187: $? = 4
configure:3176: gcc -qversion >&5
gcc: error: unrecognized command line option '-qversion'
gcc: fatal error: no input files
compilation terminated.
configure:3187: $? = 4
configure:3207: checking whether the C compiler works
configure:3229: gcc    conftest.c  >&5
configure:3233: $? = 0
configure:3281: result: yes
configure:3284: checking for C compiler default output file name
configure:3286: result: a.out
configure:3292: checking for suffix of executables
configure:3299: gcc -o conftest    conftest.c  >&5
configure:3303: $? = 0
configure:3325: result: 
configure:3347: checking whether we are cross compiling
configure:3355: gcc -o conftest    conftest.c  >&5
configure:3359: $? = 0
configure:3366: ./conftest
configure:3370: $? = 0
configure:3385: result: no
configure:3390: checking for suffix of object files
configure:3412: gcc -c   conftest.c >&5
configure:3416: $? = 0
configure:3437: result: o
configure:3441: checking whether we are using the GNU C compiler
configure:3460: gcc -c   conftest.c >&5
configure:3460: $? = 0
configure:3469: result: yes
configure:3478: checking whether gcc accepts -g
configure:3498: gcc -c -g  conftest.c >&5
configure:3498: $? = 0
configure:3539: result: yes
configure:3556: checking for gcc option to accept ISO C89
configure:3619: gcc  -c -g -O2  conftest.c >&5
configure:3619: $? = 0
configure:3632: result: none needed
configure:3657: checking whether gcc understands -c and -o together
configure:3679: gcc -c conftest.c -o conftest2.o
configure:3682: $? = 0
configure:3679: gcc -c conftest.c -o conftest2.o
configure:3682: $? = 0
configure:3694: result: yes
configure:3722: checking for style of include used by make
configure:3750: result: GNU
configure:3776: checking dependency style of gcc
configure:3887: result: gcc3
configure:3913: checking how to run the C preprocessor
configure:3944: gcc -E  conftest.c
configure:3944: $? = 0
configure:3958: gcc -E  conftest.c
conftest.c:11:28: fatal error: ac_nonexistent.h: No such file or directory
 #include <ac_nonexistent.h>
                            ^
compilation terminated.
configure:3958: $? = 1
configure: failed program was:
| /* confdefs.h */
| #define PACKAGE_NAME "n00bshell"
| #define PACKAGE_TARNAME "n00bshell"
| #define PACKAGE_VERSION "1.0"
| #define PACKAGE_STRING "n00bshell 1.0"
| #define PACKAGE_BUGREPORT "d0lph1n98@yahoo.com"
| #define PACKAGE_URL ""
| #define PACKAGE "n00bshell"
| #define VERSION "1.0"
| /* end confdefs.h.  */
| #include <ac_nonexistent.h>
configure:3983: result: gcc -E
configure:4003: gcc -E  conftest.c
configure:4003: $? = 0
configure:4017: gcc -E  conftest.c
conftest.c:11:28: fatal error: ac_nonexistent.h: No such file or directory
 #include <ac_nonexistent.h>
                            ^
compilation terminated.
configure:4017: $? = 1
configure: failed program was:
| /* confdefs.h */
| #define PACKAGE_NAME "n00bshell"
| #define PACKAGE_TARNAME "n00bshell"
| #define PACKAGE_VERSION "1.0"
| #define PACKAGE_STRING "n00bshell 1.0"
| #define PACKAGE_BUGREPORT "d0lph1n98@yahoo.com"
| #define PACKAGE_URL ""
| #define PACKAGE "n00bshell"
| #define VERSION "1.0"
| /* end confdefs.h.  */
| #include <ac_nonexistent.h>
configure:4046: checking for grep that handles long lines and -e
configure:4104: result: /bin/grep
configure:4109: checking for egrep
configure:4171: result: /bin/grep -E
configure:4176: checking for ANSI C header files
configure:4196: gcc -c -g -O2  conftest.c >&5
configure:4196: $? = 0
configure:4269: gcc -o conftest -g -O2   conftest.c  >&5
configure:4269: $? = 0
configure:4269: ./conftest
configure:4269: $? = 0
configure:4280: result: yes
configure:4293: checking for sys/types.h
configure:4293: gcc -c -g -O2  conftest.c >&5
configure:4293: $? = 0
configure:4293: result: yes
configure:4293: checking for sys/stat.h
configure:4293: gcc -c -g -O2  conftest.c >&5
configure:4293: $? = 0
configure:4293: result: yes
configure:4293: checking for stdlib.h
configure:4293: gcc -c -g -O2  conftest.c >&5
configure:4293: $? = 0
configure:4293: result: yes
configure:4293: checking for string.h
configure:4293: gcc -c -g -O2  conftest.c >&5
configure:4293: $? = 0
configure:4293: result: yes
configure:4293: checking for memory.h
configure:4293: gcc -c -g -O2  conftest.c >&5
configure:4293: $? = 0
configure:4293: result: yes
configure:4293: checking for strings.h
configure:4293: gcc -c -g -O2  conftest.c >&5
configure:4293: $? = 0
configure:4293: result: yes
configure:4293: checking for inttypes.h
configure:4293: gcc -c -g -O2  conftest.c >&5
configure:4293: $? = 0
configure:4293: result: yes
configure:4293: checking for stdint.h
configure:4293: gcc -c -g -O2  conftest.c >&5
configure:4293: $? = 0
configure:4293: result: yes
configure:4293: checking for unistd.h
configure:4293: gcc -c -g -O2  conftest.c >&5
configure:4293: $? = 0
configure:4293: result: yes
configure:4308: checking arpa/inet.h usability
configure:4308: gcc -c -g -O2  conftest.c >&5
configure:4308: $? = 0
configure:4308: result: yes
configure:4308: checking arpa/inet.h presence
configure:4308: gcc -E  conftest.c
configure:4308: $? = 0
configure:4308: result: yes
configure:4308: checking for arpa/inet.h
configure:4308: result: yes
configure:4308: checking netinet/in.h usability
configure:4308: gcc -c -g -O2  conftest.c >&5
configure:4308: $? = 0
configure:4308: result: yes
configure:4308: checking netinet/in.h presence
configure:4308: gcc -E  conftest.c
configure:4308: $? = 0
configure:4308: result: yes
configure:4308: checking for netinet/in.h
configure:4308: result: yes
configure:4308: checking for stdlib.h
configure:4308: result: yes
configure:4308: checking for string.h
configure:4308: result: yes
configure:4308: checking sys/socket.h usability
configure:4308: gcc -c -g -O2  conftest.c >&5
configure:4308: $? = 0
configure:4308: result: yes
configure:4308: checking sys/socket.h presence
configure:4308: gcc -E  conftest.c
configure:4308: $? = 0
configure:4308: result: yes
configure:4308: checking for sys/socket.h
configure:4308: result: yes
configure:4308: checking for unistd.h
configure:4308: result: yes
configure:4320: checking for uint16_t
configure:4320: gcc -c -g -O2  conftest.c >&5
configure:4320: $? = 0
configure:4320: result: yes
configure:4334: checking for pid_t
configure:4334: gcc -c -g -O2  conftest.c >&5
configure:4334: $? = 0
configure:4334: gcc -c -g -O2  conftest.c >&5
conftest.c: In function 'main':
conftest.c:63:20: error: expected expression before ')' token
 if (sizeof ((pid_t)))
                    ^
configure:4334: $? = 1
configure: failed program was:
| /* confdefs.h */
| #define PACKAGE_NAME "n00bshell"
| #define PACKAGE_TARNAME "n00bshell"
| #define PACKAGE_VERSION "1.0"
| #define PACKAGE_STRING "n00bshell 1.0"
| #define PACKAGE_BUGREPORT "d0lph1n98@yahoo.com"
| #define PACKAGE_URL ""
| #define PACKAGE "n00bshell"
| #define VERSION "1.0"
| #define STDC_HEADERS 1
| #define HAVE_SYS_TYPES_H 1
| #define HAVE_SYS_STAT_H 1
| #define HAVE_STDLIB_H 1
| #define HAVE_STRING_H 1
| #define HAVE_MEMORY_H 1
| #define HAVE_STRINGS_H 1
| #define HAVE_INTTYPES_H 1
| #define HAVE_STDINT_H 1
| #define HAVE_UNISTD_H 1
| #define HAVE_ARPA_INET_H 1
| #define HAVE_NETINET_IN_H 1
| #define HAVE_STDLIB_H 1
| #define HAVE_STRING_H 1
| #define HAVE_SYS_SOCKET_H 1
| #define HAVE_UNISTD_H 1
| /* end confdefs.h.  */
| #include <stdio.h>
| #ifdef HAVE_SYS_TYPES_H
| # include <sys/types.h>
| #endif
| #ifdef HAVE_SYS_STAT_H
| # include <sys/stat.h>
| #endif
| #ifdef STDC_HEADERS
| # include <stdlib.h>
| # include <stddef.h>
| #else
| # ifdef HAVE_STDLIB_H
| #  include <stdlib.h>
| # endif
| #endif
| #ifdef HAVE_STRING_H
| # if !defined STDC_HEADERS && defined HAVE_MEMORY_H
| #  include <memory.h>
| # endif
| # include <string.h>
| #endif
| #ifdef HAVE_STRINGS_H
| # include <strings.h>
| #endif
| #ifdef HAVE_INTTYPES_H
| # include <inttypes.h>
| #endif
| #ifdef HAVE_STDINT_H
| # include <stdint.h>
| #endif
| #ifdef HAVE_UNISTD_H
| # include <unistd.h>
| #endif
| int
| main ()
| {
| if (sizeof ((pid_t)))
| 	    return 0;
|   ;
|   return 0;
| }
configure:4334: result: yes
configure:4347: checking vfork.h usability
configure:4347: gcc -c -g -O2  conftest.c >&5
conftest.c:60:19: fatal error: vfork.h: No such file or directory
 #include <vfork.h>
                   ^
compilation terminated.
configure:4347: $? = 1
configure: failed program was:
| /* confdefs.h */
| #define PACKAGE_NAME "n00bshell"
| #define PACKAGE_TARNAME "n00bshell"
| #define PACKAGE_VERSION "1.0"
| #define PACKAGE_STRING "n00bshell 1.0"
| #define PACKAGE_BUGREPORT "d0lph1n98@yahoo.com"
| #define PACKAGE_URL ""
| #define PACKAGE "n00bshell"
| #define VERSION "1.0"
| #define STDC_HEADERS 1
| #define HAVE_SYS_TYPES_H 1
| #define HAVE_SYS_STAT_H 1
| #define HAVE_STDLIB_H 1
| #define HAVE_STRING_H 1
| #define HAVE_MEMORY_H 1
| #define HAVE_STRINGS_H 1
| #define HAVE_INTTYPES_H 1
| #define HAVE_STDINT_H 1
| #define HAVE_UNISTD_H 1
| #define HAVE_ARPA_INET_H 1
| #define HAVE_NETINET_IN_H 1
| #define HAVE_STDLIB_H 1
| #define HAVE_STRING_H 1
| #define HAVE_SYS_SOCKET_H 1
| #define HAVE_UNISTD_H 1
| /* end confdefs.h.  */
| #include <stdio.h>
| #ifdef HAVE_SYS_TYPES_H
| # include <sys/types.h>
| #endif
| #ifdef HAVE_SYS_STAT_H
| # include <sys/stat.h>
| #endif
| #ifdef STDC_HEADERS
| # include <stdlib.h>
| # include <stddef.h>
| #else
| # ifdef HAVE_STDLIB_H
| #  include <stdlib.h>
| # endif
| #endif
| #ifdef HAVE_STRING_H
| # if !defined STDC_HEADERS && defined HAVE_MEMORY_H
| #  include <memory.h>
| # endif
| # include <string.h>
| #endif
| #ifdef HAVE_STRINGS_H
| # include <strings.h>
| #endif
| #ifdef HAVE_INTTYPES_H
| # include <inttypes.h>
| #endif
| #ifdef HAVE_STDINT_H
| # include <stdint.h>
| #endif
| #ifdef HAVE_UNISTD_H
| # include <unistd.h>
| #endif
| #include <vfork.h>
configure:4347: result: no
configure:4347: checking vfork.h presence
configure:4347: gcc -E  conftest.c
conftest.c:27:19: fatal error: vfork.h: No such file or directory
 #include <vfork.h>
                   ^
compilation terminated.
configure:4347: $? = 1
configure: failed program was:
| /* confdefs.h */
| #define PACKAGE_NAME "n00bshell"
| #define PACKAGE_TARNAME "n00bshell"
| #define PACKAGE_VERSION "1.0"
| #define PACKAGE_STRING "n00bshell 1.0"
| #define PACKAGE_BUGREPORT "d0lph1n98@yahoo.com"
| #define PACKAGE_URL ""
| #define PACKAGE "n00bshell"
| #define VERSION "1.0"
| #define STDC_HEADERS 1
| #define HAVE_SYS_TYPES_H 1
| #define HAVE_SYS_STAT_H 1
| #define HAVE_STDLIB_H 1
| #define HAVE_STRING_H 1
| #define HAVE_MEMORY_H 1
| #define HAVE_STRINGS_H 1
| #define HAVE_INTTYPES_H 1
| #define HAVE_STDINT_H 1
| #define HAVE_UNISTD_H 1
| #define HAVE_ARPA_INET_H 1
| #define HAVE_NETINET_IN_H 1
| #define HAVE_STDLIB_H 1
| #define HAVE_STRING_H 1
| #define HAVE_SYS_SOCKET_H 1
| #define HAVE_UNISTD_H 1
| /* end confdefs.h.  */
| #include <vfork.h>
configure:4347: result: no
configure:4347: checking for vfork.h
configure:4347: result: no
configure:4360: checking for fork
configure:4360: gcc -o conftest -g -O2   conftest.c  >&5
conftest.c:50:6: warning: conflicting types for built-in function 'fork' [enabled by default]
 char fork ();
      ^
configure:4360: $? = 0
configure:4360: result: yes
configure:4360: checking for vfork
configure:4360: gcc -o conftest -g -O2   conftest.c  >&5
configure:4360: $? = 0
configure:4360: result: yes
configure:4370: checking for working fork
configure:4392: gcc -o conftest -g -O2   conftest.c  >&5
configure:4392: $? = 0
configure:4392: ./conftest
configure:4392: $? = 0
configure:4402: result: yes
configure:4423: checking for working vfork
configure:4533: result: yes
configure:4561: checking for dup2
configure:4561: gcc -o conftest -g -O2   conftest.c  >&5
configure:4561: $? = 0
configure:4561: result: yes
configure:4561: checking for memset
configure:4561: gcc -o conftest -g -O2   conftest.c  >&5
conftest.c:55:6: warning: conflicting types for built-in function 'memset' [enabled by default]
 char memset ();
      ^
configure:4561: $? = 0
configure:4561: result: yes
configure:4561: checking for socket
configure:4561: gcc -o conftest -g -O2   conftest.c  >&5
configure:4561: $? = 0
configure:4561: result: yes
configure:4682: checking that generated files are newer than configure
configure:4688: result: done
configure:4711: creating ./config.status

## ---------------------- ##
## Running config.status. ##
## ---------------------- ##

This file was extended by n00bshell config.status 1.0, which was
generated by GNU Autoconf 2.69.  Invocation command line was

  CONFIG_FILES    = 
  CONFIG_HEADERS  = 
  CONFIG_LINKS    = 
  CONFIG_COMMANDS = 
  $ ./config.status 

on skynet

config.status:865: creating Makefile
config.status:865: creating config.h
config.status:1094: executing depfiles commands

## ---------------- ##
## Cache variables. ##
## ---------------- ##

ac_cv_c_compiler_gnu=yes
ac_cv_c_uint16_t=yes
ac_cv_env_CC_set=
ac_cv_env_CC_value=
ac_cv_env_CFLAGS_set=
ac_cv_env_CFLAGS_value=
ac_cv_env_CPPFLAGS_set=
ac_cv_env_CPPFLAGS_value=
ac_cv_env_CPP_set=
ac_cv_env_CPP_value=
ac_cv_env_LDFLAGS_set=
ac_cv_env_LDFLAGS_value=
ac_cv_env_LIBS_set=
ac_cv_env_LIBS_value=
ac_cv_env_build_alias_set=
ac_cv_env_build_alias_value=
ac_cv_env_host_alias_set=
ac_cv_env_host_alias_value=
ac_cv_env_target_alias_set=
ac_cv_env_target_alias_value=
ac_cv_func_dup2=yes
ac_cv_func_fork=yes
ac_cv_func_fork_works=yes
ac_cv_func_memset=yes
ac_cv_func_socket=yes
ac_cv_func_vfork=yes
ac_cv_func_vfork_works=yes
ac_cv_header_arpa_inet_h=yes
ac_cv_header_inttypes_h=yes
ac_cv_header_memory_h=yes
ac_cv_header_netinet_in_h=yes
ac_cv_header_stdc=yes
ac_cv_header_stdint_h=yes
ac_cv_header_stdlib_h=yes
ac_cv_header_string_h=yes
ac_cv_header_strings_h=yes
ac_cv_header_sys_socket_h=yes
ac_cv_header_sys_stat_h=yes
ac_cv_header_sys_types_h=yes
ac_cv_header_unistd_h=yes
ac_cv_header_vfork_h=no
ac_cv_objext=o
ac_cv_path_EGREP='/bin/grep -E'
ac_cv_path_GREP=/bin/grep
ac_cv_path_install='/usr/bin/install -c'
ac_cv_path_mkdir=/bin/mkdir
ac_cv_prog_AWK=gawk
ac_cv_prog_CPP='gcc -E'
ac_cv_prog_ac_ct_CC=gcc
ac_cv_prog_cc_c89=
ac_cv_prog_cc_g=yes
ac_cv_prog_make_make_set=yes
ac_cv_type_pid_t=yes
am_cv_CC_dependencies_compiler_type=gcc3
am_cv_make_support_nested_variables=yes
am_cv_prog_cc_c_o=yes

## ----------------- ##
## Output variables. ##
## ----------------- ##

ACLOCAL='${SHELL} /home/d0lph1n98/seber/n00bshell/missing aclocal-1.14'
AMDEPBACKSLASH='\'
AMDEP_FALSE='#'
AMDEP_TRUE=''
AMTAR='$${TAR-tar}'
AM_BACKSLASH='\'
AM_DEFAULT_V='$(AM_DEFAULT_VERBOSITY)'
AM_DEFAULT_VERBOSITY='1'
AM_V='$(V)'
AUTOCONF='${SHELL} /home/d0lph1n98/seber/n00bshell/missing autoconf'
AUTOHEADER='${SHELL} /home/d0lph1n98/seber/n00bshell/missing autoheader'
AUTOMAKE='${SHELL} /home/d0lph1n98/seber/n00bshell/missing automake-1.14'
AWK='gawk'
CC='gcc'
CCDEPMODE='depmode=gcc3'
CFLAGS='-g -O2'
CPP='gcc -E'
CPPFLAGS=''
CYGPATH_W='echo'
DEFS='-DHAVE_CONFIG_H'
DEPDIR='.deps'
ECHO_C=''
ECHO_N='-n'
ECHO_T=''
EGREP='/bin/grep -E'
EXEEXT=''
GREP='/bin/grep'
INSTALL_DATA='${INSTALL} -m 644'
INSTALL_PROGRAM='${INSTALL}'
INSTALL_SCRIPT='${INSTALL}'
INSTALL_STRIP_PROGRAM='$(install_sh) -c -s'
LDFLAGS=''
LIBOBJS=''
LIBS=''
LTLIBOBJS=''
MAKEINFO='${SHELL} /home/d0lph1n98/seber/n00bshell/missing makeinfo'
MKDIR_P='/bin/mkdir -p'
OBJEXT='o'
PACKAGE='n00bshell'
PACKAGE_BUGREPORT='d0lph1n98@yahoo.com'
PACKAGE_NAME='n00bshell'
PACKAGE_STRING='n00bshell 1.0'
PACKAGE_TARNAME='n00bshell'
PACKAGE_URL=''
PACKAGE_VERSION='1.0'
PATH_SEPARATOR=':'
SET_MAKE=''
SHELL='/bin/bash'
STRIP=''
VERSION='1.0'
ac_ct_CC='gcc'
am__EXEEXT_FALSE=''
am__EXEEXT_TRUE='#'
am__fastdepCC_FALSE='#'
am__fastdepCC_TRUE=''
am__include='include'
am__isrc=''
am__leading_dot='.'
am__nodep='_no'
am__quote=''
am__tar='$${TAR-tar} chof - "$$tardir"'
am__untar='$${TAR-tar} xf -'
bindir='${exec_prefix}/bin'
build_alias=''
datadir='${datarootdir}'
datarootdir='${prefix}/share'
docdir='${datarootdir}/doc/${PACKAGE_TARNAME}'
dvidir='${docdir}'
exec_prefix='${prefix}'
host_alias=''
htmldir='${docdir}'
includedir='${prefix}/include'
infodir='${datarootdir}/info'
install_sh='${SHELL} /home/d0lph1n98/seber/n00bshell/install-sh'
libdir='${exec_prefix}/lib'
libexecdir='${exec_prefix}/libexec'
localedir='${datarootdir}/locale'
localstatedir='${prefix}/var'
mandir='${datarootdir}/man'
mkdir_p='$(MKDIR_P)'
oldincludedir='/usr/include'
pdfdir='${docdir}'
prefix='/usr/local'
program_transform_name='s,x,x,'
psdir='${docdir}'
sbindir='${exec_prefix}/sbin'
sharedstatedir='${prefix}/com'
sysconfdir='${prefix}/etc'
target_alias=''

## ----------- ##
## confdefs.h. ##
## ----------- ##

/* confdefs.h */
#define PACKAGE_NAME "n00bshell"
#define PACKAGE_TARNAME "n00bshell"
#define PACKAGE_VERSION "1.0"
#define PACKAGE_STRING "n00bshell 1.0"
#define PACKAGE_BUGREPORT "d0lph1n98@yahoo.com"
#define PACKAGE_URL ""
#define PACKAGE "n00bshell"
#define VERSION "1.0"
#define STDC_HEADERS 1
#define HAVE_SYS_TYPES_H 1
#define HAVE_SYS_STAT_H 1
#define HAVE_STDLIB_H 1
#define HAVE_STRING_H 1
#define HAVE_MEMORY_H 1
#define HAVE_STRINGS_H 1
#define HAVE_INTTYPES_H 1
#define HAVE_STDINT_H 1
#define HAVE_UNISTD_H 1
#define HAVE_ARPA_INET_H 1
#define HAVE_NETINET_IN_H 1
#define HAVE_STDLIB_H 1
#define HAVE_STRING_H 1
#define HAVE_SYS_SOCKET_H 1
#define HAVE_UNISTD_H 1
#define HAVE_FORK 1
#define HAVE_VFORK 1
#define HAVE_WORKING_VFORK 1
#define HAVE_WORKING_FORK 1
#define HAVE_DUP2 1
#define HAVE_MEMSET 1
#define HAVE_SOCKET 1

configure: exit 0
